<?xml version="1.0" encoding="UTF-8"?>
<testsuite xmlns:xsi="http://www.w3.org/2001/XMLSchema-instance" xsi:noNamespaceSchemaLocation="https://maven.apache.org/surefire/maven-surefire-plugin/xsd/surefire-test-report.xsd" name="com.mufiye.springbootinterfacetest.SpringbootInterfaceTestApplicationTests" time="2.125" tests="29" errors="5" skipped="0" failures="0">
  <properties>
    <property name="socksProxyHost" value="127.0.0.1"/>
    <property name="http.proxyHost" value="127.0.0.1"/>
    <property name="java.specification.version" value="17"/>
    <property name="sun.jnu.encoding" value="UTF-8"/>
    <property name="java.class.path" value="/Users/mufiye/friends_Project/mufiye_KG-System/target/test-classes:/Users/mufiye/friends_Project/mufiye_KG-System/target/classes:/usr/local/maven_repo/org/springframework/boot/spring-boot-starter-data-neo4j/2.6.1/spring-boot-starter-data-neo4j-2.6.1.jar:/usr/local/maven_repo/org/springframework/boot/spring-boot-starter/2.6.1/spring-boot-starter-2.6.1.jar:/usr/local/maven_repo/org/springframework/boot/spring-boot-starter-logging/2.6.1/spring-boot-starter-logging-2.6.1.jar:/usr/local/maven_repo/ch/qos/logback/logback-classic/1.2.7/logback-classic-1.2.7.jar:/usr/local/maven_repo/ch/qos/logback/logback-core/1.2.7/logback-core-1.2.7.jar:/usr/local/maven_repo/org/apache/logging/log4j/log4j-to-slf4j/2.14.1/log4j-to-slf4j-2.14.1.jar:/usr/local/maven_repo/org/apache/logging/log4j/log4j-api/2.14.1/log4j-api-2.14.1.jar:/usr/local/maven_repo/org/slf4j/jul-to-slf4j/1.7.32/jul-to-slf4j-1.7.32.jar:/usr/local/maven_repo/jakarta/annotation/jakarta.annotation-api/1.3.5/jakarta.annotation-api-1.3.5.jar:/usr/local/maven_repo/org/yaml/snakeyaml/1.29/snakeyaml-1.29.jar:/usr/local/maven_repo/org/springframework/data/spring-data-neo4j/6.2.0/spring-data-neo4j-6.2.0.jar:/usr/local/maven_repo/org/apiguardian/apiguardian-api/1.1.1/apiguardian-api-1.1.1.jar:/usr/local/maven_repo/org/neo4j/neo4j-cypher-dsl/2021.4.1/neo4j-cypher-dsl-2021.4.1.jar:/usr/local/maven_repo/org/neo4j/driver/neo4j-java-driver/4.3.6/neo4j-java-driver-4.3.6.jar:/usr/local/maven_repo/org/reactivestreams/reactive-streams/1.0.3/reactive-streams-1.0.3.jar:/usr/local/maven_repo/org/springframework/spring-beans/5.3.13/spring-beans-5.3.13.jar:/usr/local/maven_repo/org/springframework/spring-context/5.3.13/spring-context-5.3.13.jar:/usr/local/maven_repo/org/springframework/spring-tx/5.3.13/spring-tx-5.3.13.jar:/usr/local/maven_repo/org/springframework/data/spring-data-commons/2.6.0/spring-data-commons-2.6.0.jar:/usr/local/maven_repo/org/slf4j/slf4j-api/1.7.32/slf4j-api-1.7.32.jar:/usr/local/maven_repo/org/springframework/boot/spring-boot-starter-web/2.6.1/spring-boot-starter-web-2.6.1.jar:/usr/local/maven_repo/org/springframework/boot/spring-boot-starter-json/2.6.1/spring-boot-starter-json-2.6.1.jar:/usr/local/maven_repo/com/fasterxml/jackson/core/jackson-databind/2.13.0/jackson-databind-2.13.0.jar:/usr/local/maven_repo/com/fasterxml/jackson/core/jackson-annotations/2.13.0/jackson-annotations-2.13.0.jar:/usr/local/maven_repo/com/fasterxml/jackson/core/jackson-core/2.13.0/jackson-core-2.13.0.jar:/usr/local/maven_repo/com/fasterxml/jackson/datatype/jackson-datatype-jdk8/2.13.0/jackson-datatype-jdk8-2.13.0.jar:/usr/local/maven_repo/com/fasterxml/jackson/datatype/jackson-datatype-jsr310/2.13.0/jackson-datatype-jsr310-2.13.0.jar:/usr/local/maven_repo/com/fasterxml/jackson/module/jackson-module-parameter-names/2.13.0/jackson-module-parameter-names-2.13.0.jar:/usr/local/maven_repo/org/springframework/boot/spring-boot-starter-tomcat/2.6.1/spring-boot-starter-tomcat-2.6.1.jar:/usr/local/maven_repo/org/apache/tomcat/embed/tomcat-embed-core/9.0.55/tomcat-embed-core-9.0.55.jar:/usr/local/maven_repo/org/apache/tomcat/embed/tomcat-embed-el/9.0.55/tomcat-embed-el-9.0.55.jar:/usr/local/maven_repo/org/apache/tomcat/embed/tomcat-embed-websocket/9.0.55/tomcat-embed-websocket-9.0.55.jar:/usr/local/maven_repo/org/springframework/spring-web/5.3.13/spring-web-5.3.13.jar:/usr/local/maven_repo/org/springframework/spring-webmvc/5.3.13/spring-webmvc-5.3.13.jar:/usr/local/maven_repo/org/springframework/spring-aop/5.3.13/spring-aop-5.3.13.jar:/usr/local/maven_repo/org/springframework/spring-expression/5.3.13/spring-expression-5.3.13.jar:/usr/local/maven_repo/org/projectlombok/lombok/1.18.22/lombok-1.18.22.jar:/usr/local/maven_repo/org/springframework/boot/spring-boot-devtools/2.6.1/spring-boot-devtools-2.6.1.jar:/usr/local/maven_repo/org/springframework/boot/spring-boot/2.6.1/spring-boot-2.6.1.jar:/usr/local/maven_repo/org/springframework/boot/spring-boot-autoconfigure/2.6.1/spring-boot-autoconfigure-2.6.1.jar:/usr/local/maven_repo/org/springframework/boot/spring-boot-starter-test/2.6.1/spring-boot-starter-test-2.6.1.jar:/usr/local/maven_repo/org/springframework/boot/spring-boot-test/2.6.1/spring-boot-test-2.6.1.jar:/usr/local/maven_repo/org/springframework/boot/spring-boot-test-autoconfigure/2.6.1/spring-boot-test-autoconfigure-2.6.1.jar:/usr/local/maven_repo/com/jayway/jsonpath/json-path/2.6.0/json-path-2.6.0.jar:/usr/local/maven_repo/net/minidev/json-smart/2.4.7/json-smart-2.4.7.jar:/usr/local/maven_repo/net/minidev/accessors-smart/2.4.7/accessors-smart-2.4.7.jar:/usr/local/maven_repo/org/ow2/asm/asm/9.1/asm-9.1.jar:/usr/local/maven_repo/jakarta/xml/bind/jakarta.xml.bind-api/2.3.3/jakarta.xml.bind-api-2.3.3.jar:/usr/local/maven_repo/jakarta/activation/jakarta.activation-api/1.2.2/jakarta.activation-api-1.2.2.jar:/usr/local/maven_repo/org/assertj/assertj-core/3.21.0/assertj-core-3.21.0.jar:/usr/local/maven_repo/org/hamcrest/hamcrest/2.2/hamcrest-2.2.jar:/usr/local/maven_repo/org/junit/jupiter/junit-jupiter/5.8.1/junit-jupiter-5.8.1.jar:/usr/local/maven_repo/org/junit/jupiter/junit-jupiter-api/5.8.1/junit-jupiter-api-5.8.1.jar:/usr/local/maven_repo/org/opentest4j/opentest4j/1.2.0/opentest4j-1.2.0.jar:/usr/local/maven_repo/org/junit/platform/junit-platform-commons/1.8.1/junit-platform-commons-1.8.1.jar:/usr/local/maven_repo/org/junit/jupiter/junit-jupiter-params/5.8.1/junit-jupiter-params-5.8.1.jar:/usr/local/maven_repo/org/junit/jupiter/junit-jupiter-engine/5.8.1/junit-jupiter-engine-5.8.1.jar:/usr/local/maven_repo/org/junit/platform/junit-platform-engine/1.8.1/junit-platform-engine-1.8.1.jar:/usr/local/maven_repo/org/mockito/mockito-core/4.0.0/mockito-core-4.0.0.jar:/usr/local/maven_repo/net/bytebuddy/byte-buddy/1.11.22/byte-buddy-1.11.22.jar:/usr/local/maven_repo/net/bytebuddy/byte-buddy-agent/1.11.22/byte-buddy-agent-1.11.22.jar:/usr/local/maven_repo/org/objenesis/objenesis/3.2/objenesis-3.2.jar:/usr/local/maven_repo/org/mockito/mockito-junit-jupiter/4.0.0/mockito-junit-jupiter-4.0.0.jar:/usr/local/maven_repo/org/skyscreamer/jsonassert/1.5.0/jsonassert-1.5.0.jar:/usr/local/maven_repo/com/vaadin/external/google/android-json/0.0.20131108.vaadin1/android-json-0.0.20131108.vaadin1.jar:/usr/local/maven_repo/org/springframework/spring-core/5.3.13/spring-core-5.3.13.jar:/usr/local/maven_repo/org/springframework/spring-jcl/5.3.13/spring-jcl-5.3.13.jar:/usr/local/maven_repo/org/springframework/spring-test/5.3.13/spring-test-5.3.13.jar:/usr/local/maven_repo/org/xmlunit/xmlunit-core/2.8.3/xmlunit-core-2.8.3.jar:"/>
    <property name="https.proxyPort" value="7890"/>
    <property name="java.vm.vendor" value="Oracle Corporation"/>
    <property name="sun.arch.data.model" value="64"/>
    <property name="java.vendor.url" value="https://java.oracle.com/"/>
    <property name="os.name" value="Mac OS X"/>
    <property name="java.vm.specification.version" value="17"/>
    <property name="sun.java.launcher" value="SUN_STANDARD"/>
    <property name="user.country" value="CN"/>
    <property name="sun.boot.library.path" value="/Library/Java/JavaVirtualMachines/jdk-17.0.4.jdk/Contents/Home/lib"/>
    <property name="sun.java.command" value="/Users/mufiye/friends_Project/mufiye_KG-System/target/surefire/surefirebooter16706166055705477105.jar /Users/mufiye/friends_Project/mufiye_KG-System/target/surefire 2023-03-04T17-17-58_145-jvmRun1 surefire14550704668795740956tmp surefire_06669018914026176668tmp"/>
    <property name="http.nonProxyHosts" value="192.168.0.0/16|*.192.168.0.0/16|10.0.0.0/8|*.10.0.0.0/8|172.16.0.0/12|*.172.16.0.0/12|127.0.0.1|localhost|*.localhost|local|*.local|timestamp.apple.com|*.timestamp.apple.com|sequoia.apple.com|*.sequoia.apple.com|seed-sequoia.siri.apple.com|*.seed-sequoia.siri.apple.com"/>
    <property name="jdk.debug" value="release"/>
    <property name="surefire.test.class.path" value="/Users/mufiye/friends_Project/mufiye_KG-System/target/test-classes:/Users/mufiye/friends_Project/mufiye_KG-System/target/classes:/usr/local/maven_repo/org/springframework/boot/spring-boot-starter-data-neo4j/2.6.1/spring-boot-starter-data-neo4j-2.6.1.jar:/usr/local/maven_repo/org/springframework/boot/spring-boot-starter/2.6.1/spring-boot-starter-2.6.1.jar:/usr/local/maven_repo/org/springframework/boot/spring-boot-starter-logging/2.6.1/spring-boot-starter-logging-2.6.1.jar:/usr/local/maven_repo/ch/qos/logback/logback-classic/1.2.7/logback-classic-1.2.7.jar:/usr/local/maven_repo/ch/qos/logback/logback-core/1.2.7/logback-core-1.2.7.jar:/usr/local/maven_repo/org/apache/logging/log4j/log4j-to-slf4j/2.14.1/log4j-to-slf4j-2.14.1.jar:/usr/local/maven_repo/org/apache/logging/log4j/log4j-api/2.14.1/log4j-api-2.14.1.jar:/usr/local/maven_repo/org/slf4j/jul-to-slf4j/1.7.32/jul-to-slf4j-1.7.32.jar:/usr/local/maven_repo/jakarta/annotation/jakarta.annotation-api/1.3.5/jakarta.annotation-api-1.3.5.jar:/usr/local/maven_repo/org/yaml/snakeyaml/1.29/snakeyaml-1.29.jar:/usr/local/maven_repo/org/springframework/data/spring-data-neo4j/6.2.0/spring-data-neo4j-6.2.0.jar:/usr/local/maven_repo/org/apiguardian/apiguardian-api/1.1.1/apiguardian-api-1.1.1.jar:/usr/local/maven_repo/org/neo4j/neo4j-cypher-dsl/2021.4.1/neo4j-cypher-dsl-2021.4.1.jar:/usr/local/maven_repo/org/neo4j/driver/neo4j-java-driver/4.3.6/neo4j-java-driver-4.3.6.jar:/usr/local/maven_repo/org/reactivestreams/reactive-streams/1.0.3/reactive-streams-1.0.3.jar:/usr/local/maven_repo/org/springframework/spring-beans/5.3.13/spring-beans-5.3.13.jar:/usr/local/maven_repo/org/springframework/spring-context/5.3.13/spring-context-5.3.13.jar:/usr/local/maven_repo/org/springframework/spring-tx/5.3.13/spring-tx-5.3.13.jar:/usr/local/maven_repo/org/springframework/data/spring-data-commons/2.6.0/spring-data-commons-2.6.0.jar:/usr/local/maven_repo/org/slf4j/slf4j-api/1.7.32/slf4j-api-1.7.32.jar:/usr/local/maven_repo/org/springframework/boot/spring-boot-starter-web/2.6.1/spring-boot-starter-web-2.6.1.jar:/usr/local/maven_repo/org/springframework/boot/spring-boot-starter-json/2.6.1/spring-boot-starter-json-2.6.1.jar:/usr/local/maven_repo/com/fasterxml/jackson/core/jackson-databind/2.13.0/jackson-databind-2.13.0.jar:/usr/local/maven_repo/com/fasterxml/jackson/core/jackson-annotations/2.13.0/jackson-annotations-2.13.0.jar:/usr/local/maven_repo/com/fasterxml/jackson/core/jackson-core/2.13.0/jackson-core-2.13.0.jar:/usr/local/maven_repo/com/fasterxml/jackson/datatype/jackson-datatype-jdk8/2.13.0/jackson-datatype-jdk8-2.13.0.jar:/usr/local/maven_repo/com/fasterxml/jackson/datatype/jackson-datatype-jsr310/2.13.0/jackson-datatype-jsr310-2.13.0.jar:/usr/local/maven_repo/com/fasterxml/jackson/module/jackson-module-parameter-names/2.13.0/jackson-module-parameter-names-2.13.0.jar:/usr/local/maven_repo/org/springframework/boot/spring-boot-starter-tomcat/2.6.1/spring-boot-starter-tomcat-2.6.1.jar:/usr/local/maven_repo/org/apache/tomcat/embed/tomcat-embed-core/9.0.55/tomcat-embed-core-9.0.55.jar:/usr/local/maven_repo/org/apache/tomcat/embed/tomcat-embed-el/9.0.55/tomcat-embed-el-9.0.55.jar:/usr/local/maven_repo/org/apache/tomcat/embed/tomcat-embed-websocket/9.0.55/tomcat-embed-websocket-9.0.55.jar:/usr/local/maven_repo/org/springframework/spring-web/5.3.13/spring-web-5.3.13.jar:/usr/local/maven_repo/org/springframework/spring-webmvc/5.3.13/spring-webmvc-5.3.13.jar:/usr/local/maven_repo/org/springframework/spring-aop/5.3.13/spring-aop-5.3.13.jar:/usr/local/maven_repo/org/springframework/spring-expression/5.3.13/spring-expression-5.3.13.jar:/usr/local/maven_repo/org/projectlombok/lombok/1.18.22/lombok-1.18.22.jar:/usr/local/maven_repo/org/springframework/boot/spring-boot-devtools/2.6.1/spring-boot-devtools-2.6.1.jar:/usr/local/maven_repo/org/springframework/boot/spring-boot/2.6.1/spring-boot-2.6.1.jar:/usr/local/maven_repo/org/springframework/boot/spring-boot-autoconfigure/2.6.1/spring-boot-autoconfigure-2.6.1.jar:/usr/local/maven_repo/org/springframework/boot/spring-boot-starter-test/2.6.1/spring-boot-starter-test-2.6.1.jar:/usr/local/maven_repo/org/springframework/boot/spring-boot-test/2.6.1/spring-boot-test-2.6.1.jar:/usr/local/maven_repo/org/springframework/boot/spring-boot-test-autoconfigure/2.6.1/spring-boot-test-autoconfigure-2.6.1.jar:/usr/local/maven_repo/com/jayway/jsonpath/json-path/2.6.0/json-path-2.6.0.jar:/usr/local/maven_repo/net/minidev/json-smart/2.4.7/json-smart-2.4.7.jar:/usr/local/maven_repo/net/minidev/accessors-smart/2.4.7/accessors-smart-2.4.7.jar:/usr/local/maven_repo/org/ow2/asm/asm/9.1/asm-9.1.jar:/usr/local/maven_repo/jakarta/xml/bind/jakarta.xml.bind-api/2.3.3/jakarta.xml.bind-api-2.3.3.jar:/usr/local/maven_repo/jakarta/activation/jakarta.activation-api/1.2.2/jakarta.activation-api-1.2.2.jar:/usr/local/maven_repo/org/assertj/assertj-core/3.21.0/assertj-core-3.21.0.jar:/usr/local/maven_repo/org/hamcrest/hamcrest/2.2/hamcrest-2.2.jar:/usr/local/maven_repo/org/junit/jupiter/junit-jupiter/5.8.1/junit-jupiter-5.8.1.jar:/usr/local/maven_repo/org/junit/jupiter/junit-jupiter-api/5.8.1/junit-jupiter-api-5.8.1.jar:/usr/local/maven_repo/org/opentest4j/opentest4j/1.2.0/opentest4j-1.2.0.jar:/usr/local/maven_repo/org/junit/platform/junit-platform-commons/1.8.1/junit-platform-commons-1.8.1.jar:/usr/local/maven_repo/org/junit/jupiter/junit-jupiter-params/5.8.1/junit-jupiter-params-5.8.1.jar:/usr/local/maven_repo/org/junit/jupiter/junit-jupiter-engine/5.8.1/junit-jupiter-engine-5.8.1.jar:/usr/local/maven_repo/org/junit/platform/junit-platform-engine/1.8.1/junit-platform-engine-1.8.1.jar:/usr/local/maven_repo/org/mockito/mockito-core/4.0.0/mockito-core-4.0.0.jar:/usr/local/maven_repo/net/bytebuddy/byte-buddy/1.11.22/byte-buddy-1.11.22.jar:/usr/local/maven_repo/net/bytebuddy/byte-buddy-agent/1.11.22/byte-buddy-agent-1.11.22.jar:/usr/local/maven_repo/org/objenesis/objenesis/3.2/objenesis-3.2.jar:/usr/local/maven_repo/org/mockito/mockito-junit-jupiter/4.0.0/mockito-junit-jupiter-4.0.0.jar:/usr/local/maven_repo/org/skyscreamer/jsonassert/1.5.0/jsonassert-1.5.0.jar:/usr/local/maven_repo/com/vaadin/external/google/android-json/0.0.20131108.vaadin1/android-json-0.0.20131108.vaadin1.jar:/usr/local/maven_repo/org/springframework/spring-core/5.3.13/spring-core-5.3.13.jar:/usr/local/maven_repo/org/springframework/spring-jcl/5.3.13/spring-jcl-5.3.13.jar:/usr/local/maven_repo/org/springframework/spring-test/5.3.13/spring-test-5.3.13.jar:/usr/local/maven_repo/org/xmlunit/xmlunit-core/2.8.3/xmlunit-core-2.8.3.jar:"/>
    <property name="sun.cpu.endian" value="little"/>
    <property name="user.home" value="/Users/mufiye"/>
    <property name="user.language" value="zh"/>
    <property name="java.specification.vendor" value="Oracle Corporation"/>
    <property name="java.version.date" value="2022-07-19"/>
    <property name="java.home" value="/Library/Java/JavaVirtualMachines/jdk-17.0.4.jdk/Contents/Home"/>
    <property name="file.separator" value="/"/>
    <property name="https.proxyHost" value="127.0.0.1"/>
    <property name="basedir" value="/Users/mufiye/friends_Project/mufiye_KG-System"/>
    <property name="java.vm.compressedOopsMode" value="Zero based"/>
    <property name="line.separator" value="&#10;"/>
    <property name="java.vm.specification.vendor" value="Oracle Corporation"/>
    <property name="java.specification.name" value="Java Platform API Specification"/>
    <property name="surefire.real.class.path" value="/Users/mufiye/friends_Project/mufiye_KG-System/target/surefire/surefirebooter16706166055705477105.jar"/>
    <property name="user.script" value="Hans"/>
    <property name="sun.management.compiler" value="HotSpot 64-Bit Tiered Compilers"/>
    <property name="ftp.nonProxyHosts" value="192.168.0.0/16|*.192.168.0.0/16|10.0.0.0/8|*.10.0.0.0/8|172.16.0.0/12|*.172.16.0.0/12|127.0.0.1|localhost|*.localhost|local|*.local|timestamp.apple.com|*.timestamp.apple.com|sequoia.apple.com|*.sequoia.apple.com|seed-sequoia.siri.apple.com|*.seed-sequoia.siri.apple.com"/>
    <property name="java.runtime.version" value="17.0.4+11-LTS-179"/>
    <property name="user.name" value="mufiye"/>
    <property name="path.separator" value=":"/>
    <property name="os.version" value="13.2"/>
    <property name="java.runtime.name" value="Java(TM) SE Runtime Environment"/>
    <property name="file.encoding" value="UTF-8"/>
    <property name="java.vm.name" value="Java HotSpot(TM) 64-Bit Server VM"/>
    <property name="localRepository" value="/usr/local/maven_repo"/>
    <property name="java.vendor.url.bug" value="https://bugreport.java.com/bugreport/"/>
    <property name="java.io.tmpdir" value="/var/folders/76/m11qyqpj10gc1qg9nwvws7fr0000gn/T/"/>
    <property name="idea.version" value="2022.1.4"/>
    <property name="java.version" value="17.0.4"/>
    <property name="user.dir" value="/Users/mufiye/friends_Project/mufiye_KG-System"/>
    <property name="os.arch" value="aarch64"/>
    <property name="socksProxyPort" value="7890"/>
    <property name="java.vm.specification.name" value="Java Virtual Machine Specification"/>
    <property name="native.encoding" value="UTF-8"/>
    <property name="java.library.path" value="/Users/mufiye/Library/Java/Extensions:/Library/Java/Extensions:/Network/Library/Java/Extensions:/System/Library/Java/Extensions:/usr/lib/java:."/>
    <property name="java.vm.info" value="mixed mode, sharing"/>
    <property name="java.vendor" value="Oracle Corporation"/>
    <property name="java.vm.version" value="17.0.4+11-LTS-179"/>
    <property name="sun.io.unicode.encoding" value="UnicodeBig"/>
    <property name="maven.repo.local" value="/usr/local/maven_repo"/>
    <property name="socksNonProxyHosts" value="192.168.0.0/16|*.192.168.0.0/16|10.0.0.0/8|*.10.0.0.0/8|172.16.0.0/12|*.172.16.0.0/12|127.0.0.1|localhost|*.localhost|local|*.local|timestamp.apple.com|*.timestamp.apple.com|sequoia.apple.com|*.sequoia.apple.com|seed-sequoia.siri.apple.com|*.seed-sequoia.siri.apple.com"/>
    <property name="java.class.version" value="61.0"/>
    <property name="http.proxyPort" value="7890"/>
  </properties>
  <testcase name="testEntity2" classname="com.mufiye.springbootinterfacetest.SpringbootInterfaceTestApplicationTests" time="0.356"/>
  <testcase name="testEntity3" classname="com.mufiye.springbootinterfacetest.SpringbootInterfaceTestApplicationTests" time="0.023">
    <error message="Index 0 out of bounds for length 0" type="java.lang.IndexOutOfBoundsException">java.lang.IndexOutOfBoundsException: Index 0 out of bounds for length 0
	at com.mufiye.springbootinterfacetest.SpringbootInterfaceTestApplicationTests.testEntity3(SpringbootInterfaceTestApplicationTests.java:112)
</error>
  </testcase>
  <testcase name="countRelation" classname="com.mufiye.springbootinterfacetest.SpringbootInterfaceTestApplicationTests" time="0.008"/>
  <testcase name="testCount" classname="com.mufiye.springbootinterfacetest.SpringbootInterfaceTestApplicationTests" time="0.003"/>
  <testcase name="testLogin" classname="com.mufiye.springbootinterfacetest.SpringbootInterfaceTestApplicationTests" time="0.038"/>
  <testcase name="testRelationDelete" classname="com.mufiye.springbootinterfacetest.SpringbootInterfaceTestApplicationTests" time="0.022"/>
  <testcase name="testRelationInfoDelete" classname="com.mufiye.springbootinterfacetest.SpringbootInterfaceTestApplicationTests" time="0.033"/>
  <testcase name="testRelationUpdate11" classname="com.mufiye.springbootinterfacetest.SpringbootInterfaceTestApplicationTests" time="0.018"/>
  <testcase name="testDaoDelete" classname="com.mufiye.springbootinterfacetest.SpringbootInterfaceTestApplicationTests" time="0.106"/>
  <testcase name="testGetByID" classname="com.mufiye.springbootinterfacetest.SpringbootInterfaceTestApplicationTests" time="0.007">
    <error message="No value present" type="java.util.NoSuchElementException">java.util.NoSuchElementException: No value present
	at com.mufiye.springbootinterfacetest.SpringbootInterfaceTestApplicationTests.testGetByID(SpringbootInterfaceTestApplicationTests.java:68)
</error>
    <system-out><![CDATA[2023-03-04 17:18:00.765  WARN 83402 --- [           main] org.springframework.data.neo4j.cypher    : Neo.ClientNotification.Statement.UnknownPropertyKeyWarning: The provided property key is not in the database
	MATCH (user:`User`) WHERE id(user) = $__id__ RETURN user{.email, .id, .lastLogin, .name, .password, .role, .username, __nodeLabels__: labels(user), __internalNeo4jId__: id(user)}
	                                                                  ^
One of the property names in your query is not available in the database, make sure you didn't misspell it or that the label is available when you run this statement in your application (the missing property name is: id)
]]></system-out>
  </testcase>
  <testcase name="testRelationUpdate" classname="com.mufiye.springbootinterfacetest.SpringbootInterfaceTestApplicationTests" time="0.001">
    <error message="Cannot invoke &quot;java.util.Map.entrySet()&quot; because &quot;properties&quot; is null" type="java.lang.NullPointerException">java.lang.NullPointerException: Cannot invoke "java.util.Map.entrySet()" because "properties" is null
	at com.mufiye.springbootinterfacetest.SpringbootInterfaceTestApplicationTests.testRelationUpdate(SpringbootInterfaceTestApplicationTests.java:169)
</error>
  </testcase>
  <testcase name="testDaoSelect" classname="com.mufiye.springbootinterfacetest.SpringbootInterfaceTestApplicationTests" time="0.021"/>
  <testcase name="testEntityAdd" classname="com.mufiye.springbootinterfacetest.SpringbootInterfaceTestApplicationTests" time="0.045"/>
  <testcase name="test5" classname="com.mufiye.springbootinterfacetest.SpringbootInterfaceTestApplicationTests" time="0.023"/>
  <testcase name="testRelationInfoAdd" classname="com.mufiye.springbootinterfacetest.SpringbootInterfaceTestApplicationTests" time="0.02"/>
  <testcase name="testRelationInfoGet" classname="com.mufiye.springbootinterfacetest.SpringbootInterfaceTestApplicationTests" time="0.006"/>
  <testcase name="testRelationAdd" classname="com.mufiye.springbootinterfacetest.SpringbootInterfaceTestApplicationTests" time="0.034"/>
  <testcase name="testEntityGetType" classname="com.mufiye.springbootinterfacetest.SpringbootInterfaceTestApplicationTests" time="0.017"/>
  <testcase name="testGetByName" classname="com.mufiye.springbootinterfacetest.SpringbootInterfaceTestApplicationTests" time="0.033"/>
  <testcase name="testGetByType" classname="com.mufiye.springbootinterfacetest.SpringbootInterfaceTestApplicationTests" time="0.014"/>
  <testcase name="testRelationInfoGetByID" classname="com.mufiye.springbootinterfacetest.SpringbootInterfaceTestApplicationTests" time="0.015">
    <error message="Index 0 out of bounds for length 0" type="java.lang.IndexOutOfBoundsException">java.lang.IndexOutOfBoundsException: Index 0 out of bounds for length 0
	at com.mufiye.springbootinterfacetest.SpringbootInterfaceTestApplicationTests.testRelationInfoGetByID(SpringbootInterfaceTestApplicationTests.java:203)
</error>
  </testcase>
  <testcase name="testNeighbour" classname="com.mufiye.springbootinterfacetest.SpringbootInterfaceTestApplicationTests" time="0.036">
    <error message="Index 0 out of bounds for length 0" type="java.lang.IndexOutOfBoundsException">java.lang.IndexOutOfBoundsException: Index 0 out of bounds for length 0
	at com.mufiye.springbootinterfacetest.SpringbootInterfaceTestApplicationTests.testNeighbour(SpringbootInterfaceTestApplicationTests.java:218)
</error>
  </testcase>
  <testcase name="contextLoads" classname="com.mufiye.springbootinterfacetest.SpringbootInterfaceTestApplicationTests" time="0.048"/>
  <testcase name="testDelete" classname="com.mufiye.springbootinterfacetest.SpringbootInterfaceTestApplicationTests" time="0.013"/>
  <testcase name="testEntity" classname="com.mufiye.springbootinterfacetest.SpringbootInterfaceTestApplicationTests" time="0"/>
  <testcase name="testGetAll" classname="com.mufiye.springbootinterfacetest.SpringbootInterfaceTestApplicationTests" time="0.005"/>
  <testcase name="testUpdate" classname="com.mufiye.springbootinterfacetest.SpringbootInterfaceTestApplicationTests" time="0.01"/>
  <testcase name="testEntityUpdate" classname="com.mufiye.springbootinterfacetest.SpringbootInterfaceTestApplicationTests" time="0.011"/>
  <testcase name="testRelationInfoGetByStartName" classname="com.mufiye.springbootinterfacetest.SpringbootInterfaceTestApplicationTests" time="0.015"/>
</testsuite>